<?xml version="1.0" encoding="UTF-8"?>
<testng-results skipped="0" failed="1" total="1" passed="0">
  <reporter-output>
    <line>
      <![CDATA[Login to : https://mail.ru/]]>
    </line>
  </reporter-output>
  <suite name="BasicSuite" duration-ms="10340" started-at="2018-08-20T16:39:08Z" finished-at="2018-08-20T16:39:19Z">
    <groups>
      <group name="cucumber">
        <method signature="AbstractTestNGCucumberTests.feature(cucumber.api.testng.CucumberFeatureWrapper)[pri:0, instance:stepdefinitions.Runner@7cf10a6f]" name="feature" class="cucumber.api.testng.AbstractTestNGCucumberTests"/>
      </group> <!-- cucumber -->
    </groups>
    <test name="MailRuTestViaCucumberAndTestNG" duration-ms="10340" started-at="2018-08-20T16:39:08Z" finished-at="2018-08-20T16:39:19Z">
      <class name="stepdefinitions.Runner">
        <test-method status="PASS" signature="setUpClass()[pri:0, instance:stepdefinitions.Runner@7cf10a6f]" name="setUpClass" is-config="true" duration-ms="249" started-at="2018-08-20T19:39:08Z" finished-at="2018-08-20T19:39:08Z">
          <reporter-output>
          </reporter-output>
        </test-method> <!-- setUpClass -->
        <test-method status="FAIL" signature="feature(cucumber.api.testng.CucumberFeatureWrapper)[pri:0, instance:stepdefinitions.Runner@7cf10a6f]" name="feature" duration-ms="9988" started-at="2018-08-20T19:39:09Z" description="Runs Cucumber Feature" data-provider="features" finished-at="2018-08-20T19:39:19Z">
          <params>
            <param index="0">
              <value>
                <![CDATA[mail.ru test]]>
              </value>
            </param>
          </params>
          <exception class="java.lang.StringIndexOutOfBoundsException">
            <message>
              <![CDATA[String index out of range: -22]]>
            </message>
            <full-stacktrace>
              <![CDATA[java.lang.StringIndexOutOfBoundsException: String index out of range: -22
	at java.lang.String.substring(Unknown Source)
	at gherkin.formatter.StepPrinter.writeStep(StepPrinter.java:11)
	at gherkin.formatter.PrettyFormatter.printStep(PrettyFormatter.java:259)
	at gherkin.formatter.PrettyFormatter.printSteps(PrettyFormatter.java:130)
	at gherkin.formatter.PrettyFormatter.replay(PrettyFormatter.java:121)
	at gherkin.formatter.PrettyFormatter.background(PrettyFormatter.java:92)
	at sun.reflect.NativeMethodAccessorImpl.invoke0(Native Method)
	at sun.reflect.NativeMethodAccessorImpl.invoke(Unknown Source)
	at sun.reflect.DelegatingMethodAccessorImpl.invoke(Unknown Source)
	at java.lang.reflect.Method.invoke(Unknown Source)
	at cucumber.runtime.Utils$1.call(Utils.java:40)
	at cucumber.runtime.Timeout.timeout(Timeout.java:16)
	at cucumber.runtime.Utils.invoke(Utils.java:34)
	at cucumber.runtime.RuntimeOptions$1.invoke(RuntimeOptions.java:294)
	at com.sun.proxy.$Proxy17.background(Unknown Source)
	at gherkin.formatter.model.Background.replay(Background.java:16)
	at cucumber.runtime.model.StepContainer.format(StepContainer.java:31)
	at cucumber.runtime.model.CucumberScenario.runBackground(CucumberScenario.java:58)
	at cucumber.runtime.model.CucumberScenario.run(CucumberScenario.java:42)
	at cucumber.runtime.model.CucumberScenarioOutline.run(CucumberScenarioOutline.java:46)
	at cucumber.runtime.model.CucumberFeature.run(CucumberFeature.java:165)
	at cucumber.api.testng.TestNGCucumberRunner.runCucumber(TestNGCucumberRunner.java:63)
	at cucumber.api.testng.AbstractTestNGCucumberTests.feature(AbstractTestNGCucumberTests.java:21)
	at sun.reflect.NativeMethodAccessorImpl.invoke0(Native Method)
	at sun.reflect.NativeMethodAccessorImpl.invoke(Unknown Source)
	at sun.reflect.DelegatingMethodAccessorImpl.invoke(Unknown Source)
	at java.lang.reflect.Method.invoke(Unknown Source)
	at org.testng.internal.MethodInvocationHelper.invokeMethod(MethodInvocationHelper.java:84)
	at org.testng.internal.Invoker.invokeMethod(Invoker.java:714)
	at org.testng.internal.Invoker.invokeTestMethod(Invoker.java:901)
	at org.testng.internal.Invoker.invokeTestMethods(Invoker.java:1231)
	at org.testng.internal.TestMethodWorker.invokeTestMethods(TestMethodWorker.java:127)
	at org.testng.internal.TestMethodWorker.run(TestMethodWorker.java:111)
	at org.testng.TestRunner.privateRun(TestRunner.java:767)
	at org.testng.TestRunner.run(TestRunner.java:617)
	at org.testng.SuiteRunner.runTest(SuiteRunner.java:334)
	at org.testng.SuiteRunner.runSequentially(SuiteRunner.java:329)
	at org.testng.SuiteRunner.privateRun(SuiteRunner.java:291)
	at org.testng.SuiteRunner.run(SuiteRunner.java:240)
	at org.testng.SuiteRunnerWorker.runSuite(SuiteRunnerWorker.java:52)
	at org.testng.SuiteRunnerWorker.run(SuiteRunnerWorker.java:86)
	at org.testng.TestNG.runSuitesSequentially(TestNG.java:1224)
	at org.testng.TestNG.runSuitesLocally(TestNG.java:1149)
	at org.testng.TestNG.run(TestNG.java:1057)
	at org.testng.remote.RemoteTestNG.run(RemoteTestNG.java:111)
	at org.testng.remote.RemoteTestNG.initAndRun(RemoteTestNG.java:204)
	at org.testng.remote.RemoteTestNG.main(RemoteTestNG.java:175)
]]>
            </full-stacktrace>
          </exception> <!-- java.lang.StringIndexOutOfBoundsException -->
          <reporter-output>
            <line>
              <![CDATA[Login to : https://mail.ru/]]>
            </line>
          </reporter-output>
        </test-method> <!-- feature -->
        <test-method status="PASS" signature="tearDownClass()[pri:0, instance:stepdefinitions.Runner@7cf10a6f]" name="tearDownClass" is-config="true" duration-ms="15" started-at="2018-08-20T19:39:19Z" finished-at="2018-08-20T19:39:19Z">
          <reporter-output>
          </reporter-output>
        </test-method> <!-- tearDownClass -->
      </class> <!-- stepdefinitions.Runner -->
    </test> <!-- MailRuTestViaCucumberAndTestNG -->
  </suite> <!-- BasicSuite -->
</testng-results>
